FDTD Solutions Version 8.19.1584 (Windows 64bit)
 expires (month/day/year): 12/31/2025
using config file: C:/Users/Administrator/AppData/Roaming/Lumerical/FDTD Solutions.ini
license host: <a href=http://localhost:8095>localhost:8095</a>
current time: Fri Jan 20 01:36:33 2023
Running on host: DESKTOP-1AH4PI5
All processes are communicating and ready to proceed to simulation...
Running fsp file: C:\Program Files\Lumerical\FDTD\bin\fdtd-engine-msmpi.exe -t 1 -remote C:/Users/Administrator/Desktop/pso/EVOLER/EVOLER_3/liu_2018_2-9m.fsp
number of processors is 1
processors are distributed as: 1x1x1
Running 2D Simulation
Starting meshing
Simulation size in gridpoints: 3066 x 3 x 1
Refined 0 mesh cells (0%)
Completed meshing!
Meshing complete in 0 seconds of CPU time
Starting meshing
Simulation size in gridpoints: 3066 x 3 x 1
Refined 0 mesh cells (0%)
Completed meshing!
Meshing complete in 0.015625 seconds of CPU time
Starting meshing
Simulation size in gridpoints: 3066 x 3 x 1
Refined 0 mesh cells (0%)
Completed meshing!
Meshing complete in 0.015625 seconds of CPU time
0 0
0 0
finished material properties
Selected kernel with optimization level: 2 and split-field propagation direction: 0
Starting meshing
Simulation size in gridpoints: 3066 x 3 x 1
Refined 0 mesh cells (0%)
Completed meshing!
Meshing complete in 0 seconds of CPU time
Starting meshing
Simulation size in gridpoints: 3066 x 3 x 1
Refined 0 mesh cells (0%)
Completed meshing!
Meshing complete in 0.015625 seconds of CPU time
Starting meshing
Simulation size in gridpoints: 3066 x 3 x 1
Refined 0 mesh cells (0%)
Completed meshing!
Meshing complete in 0.015625 seconds of CPU time
0 0
Selected kernel with optimization level: 2 and split-field propagation direction: 0
-----------------------------------------
Beginning initialization of 2D FDTD Simulation
  Including TE Simulation
Starting to add sources to simulation

Adding Gaussian source propagating in X
Starting to add boundary conditions to simulation
Adding PML BC
Adding PML BC
Adding periodic BC
Adding periodic BC
Starting to add monitors to Simulation
Adding analysis monitor
Adding frequency monitor
Finished initialization of 2D Simulation
-----------------------------------------
All processes are communicating and ready to proceed to simulation...
Starting 50785 total iterations
0% complete. Max time remaining: 3 secs. Auto Shutoff: 1
2% complete. Max time remaining: 3 secs. Auto Shutoff: 1
4% complete. Max time remaining: 3 secs. Auto Shutoff: 1
8% complete. Max time remaining: 3 secs. Auto Shutoff: 1
16% complete. Max time remaining: 2 secs. Auto Shutoff: 0.116831
32% complete. Max time remaining: 2 secs. Auto Shutoff: 0.00120409
64% complete. Max time remaining: 1 secs. Auto Shutoff: 2.98951e-005
100% complete. Max time remaining: 0 secs. Auto Shutoff: 2.94796e-005
Completed 50785 iterations, or 1.500013e-013s of Simulation Time
Process 0 starting to collect data
    collecting TM monitor data
    collecting TE monitor data
    collecting TM source data
    collecting TE source data
Finished collecting data
Simulation completed successfully at: Fri Jan 20 01:36:36 2023
Overall wall time measurements in seconds:
    time to mesh and initialize: 0
    time to run FDTD simulation: 3
    time to finalize data and save to files: 0
    FDTD solver speed: 155.707 Mnodes/s
    total FDTD solver speed on 1 processes: 155.707 Mnodes/s
